<?xml version="1.0" encoding="UTF-8" ?>
<testsuite failures="0" time="1.364" errors="0" skipped="0" tests="5" name="org.apache.poi.xwpf.converter.XHTML2XWPFConverterTestCase">
  <properties>
[...]
</properties>
  <testcase time="1.032" classname="org.apache.poi.xwpf.converter.XHTML2XWPFConverterTestCase" name="testInMemoryConversion"/>
  <testcase time="0.101" classname="org.apache.poi.xwpf.converter.XHTML2XWPFConverterTestCase" name="testLetterConversionWithOutputToFile"/>
  <testcase time="0.069" classname="org.apache.poi.xwpf.converter.XHTML2XWPFConverterTestCase" name="testConversionWithOutputToFile"/>
  <testcase time="0.075" classname="org.apache.poi.xwpf.converter.XHTML2XWPFConverterTestCase" name="testTableConversionWithOutputToFile"/>
  <testcase time="0.061" classname="org.apache.poi.xwpf.converter.XHTML2XWPFConverterTestCase" name="testCVWithHyperlinkConversionWithOutputToFile"/>
</testsuite>